{"/home/gustavolima/Projects/node/gostack-template-conceitos-nodejs/src/app.js": {"path":"/home/gustavolima/Projects/node/gostack-template-conceitos-nodejs/src/app.js","statementMap":{"0":{"start":{"line":1,"column":16},"end":{"line":1,"column":34}},"1":{"start":{"line":2,"column":13},"end":{"line":2,"column":28}},"2":{"start":{"line":4,"column":17},"end":{"line":4,"column":34}},"3":{"start":{"line":6,"column":12},"end":{"line":6,"column":21}},"4":{"start":{"line":8,"column":0},"end":{"line":8,"column":24}},"5":{"start":{"line":9,"column":0},"end":{"line":9,"column":16}},"6":{"start":{"line":11,"column":21},"end":{"line":11,"column":23}},"7":{"start":{"line":13,"column":0},"end":{"line":15,"column":3}},"8":{"start":{"line":14,"column":2},"end":{"line":14,"column":37}},"9":{"start":{"line":17,"column":0},"end":{"line":22,"column":3}},"10":{"start":{"line":18,"column":32},"end":{"line":18,"column":44}},"11":{"start":{"line":19,"column":15},"end":{"line":19,"column":58}},"12":{"start":{"line":20,"column":2},"end":{"line":20,"column":26}},"13":{"start":{"line":21,"column":2},"end":{"line":21,"column":29}},"14":{"start":{"line":24,"column":0},"end":{"line":35,"column":3}},"15":{"start":{"line":25,"column":32},"end":{"line":25,"column":44}},"16":{"start":{"line":26,"column":17},"end":{"line":26,"column":31}},"17":{"start":{"line":27,"column":15},"end":{"line":27,"column":58}},"18":{"start":{"line":27,"column":43},"end":{"line":27,"column":57}},"19":{"start":{"line":28,"column":2},"end":{"line":30,"column":3}},"20":{"start":{"line":29,"column":4},"end":{"line":29,"column":39}},"21":{"start":{"line":31,"column":2},"end":{"line":31,"column":21}},"22":{"start":{"line":32,"column":2},"end":{"line":32,"column":17}},"23":{"start":{"line":33,"column":2},"end":{"line":33,"column":21}},"24":{"start":{"line":34,"column":2},"end":{"line":34,"column":29}},"25":{"start":{"line":37,"column":0},"end":{"line":46,"column":3}},"26":{"start":{"line":38,"column":17},"end":{"line":38,"column":31}},"27":{"start":{"line":39,"column":15},"end":{"line":39,"column":60}},"28":{"start":{"line":39,"column":45},"end":{"line":39,"column":59}},"29":{"start":{"line":40,"column":2},"end":{"line":42,"column":3}},"30":{"start":{"line":41,"column":4},"end":{"line":41,"column":39}},"31":{"start":{"line":43,"column":14},"end":{"line":43,"column":40}},"32":{"start":{"line":44,"column":2},"end":{"line":44,"column":30}},"33":{"start":{"line":45,"column":2},"end":{"line":45,"column":37}},"34":{"start":{"line":48,"column":0},"end":{"line":62,"column":3}},"35":{"start":{"line":49,"column":17},"end":{"line":49,"column":31}},"36":{"start":{"line":51,"column":2},"end":{"line":57,"column":5}},"37":{"start":{"line":52,"column":4},"end":{"line":56,"column":5}},"38":{"start":{"line":53,"column":6},"end":{"line":53,"column":22}},"39":{"start":{"line":54,"column":6},"end":{"line":54,"column":21}},"40":{"start":{"line":55,"column":6},"end":{"line":55,"column":13}},"41":{"start":{"line":58,"column":2},"end":{"line":60,"column":3}},"42":{"start":{"line":59,"column":4},"end":{"line":59,"column":39}},"43":{"start":{"line":61,"column":2},"end":{"line":61,"column":32}},"44":{"start":{"line":64,"column":0},"end":{"line":64,"column":21}}},"fnMap":{"0":{"name":"(anonymous_0)","decl":{"start":{"line":13,"column":25},"end":{"line":13,"column":26}},"loc":{"start":{"line":13,"column":48},"end":{"line":15,"column":1}},"line":13},"1":{"name":"(anonymous_1)","decl":{"start":{"line":17,"column":26},"end":{"line":17,"column":27}},"loc":{"start":{"line":17,"column":49},"end":{"line":22,"column":1}},"line":17},"2":{"name":"(anonymous_2)","decl":{"start":{"line":24,"column":29},"end":{"line":24,"column":30}},"loc":{"start":{"line":24,"column":52},"end":{"line":35,"column":1}},"line":24},"3":{"name":"(anonymous_3)","decl":{"start":{"line":27,"column":33},"end":{"line":27,"column":34}},"loc":{"start":{"line":27,"column":43},"end":{"line":27,"column":57}},"line":27},"4":{"name":"(anonymous_4)","decl":{"start":{"line":37,"column":32},"end":{"line":37,"column":33}},"loc":{"start":{"line":37,"column":55},"end":{"line":46,"column":1}},"line":37},"5":{"name":"(anonymous_5)","decl":{"start":{"line":39,"column":35},"end":{"line":39,"column":36}},"loc":{"start":{"line":39,"column":45},"end":{"line":39,"column":59}},"line":39},"6":{"name":"(anonymous_6)","decl":{"start":{"line":48,"column":35},"end":{"line":48,"column":36}},"loc":{"start":{"line":48,"column":58},"end":{"line":62,"column":1}},"line":48},"7":{"name":"(anonymous_7)","decl":{"start":{"line":51,"column":23},"end":{"line":51,"column":24}},"loc":{"start":{"line":51,"column":33},"end":{"line":57,"column":3}},"line":51}},"branchMap":{"0":{"loc":{"start":{"line":28,"column":2},"end":{"line":30,"column":3}},"type":"if","locations":[{"start":{"line":28,"column":2},"end":{"line":30,"column":3}},{"start":{"line":28,"column":2},"end":{"line":30,"column":3}}],"line":28},"1":{"loc":{"start":{"line":40,"column":2},"end":{"line":42,"column":3}},"type":"if","locations":[{"start":{"line":40,"column":2},"end":{"line":42,"column":3}},{"start":{"line":40,"column":2},"end":{"line":42,"column":3}}],"line":40},"2":{"loc":{"start":{"line":52,"column":4},"end":{"line":56,"column":5}},"type":"if","locations":[{"start":{"line":52,"column":4},"end":{"line":56,"column":5}},{"start":{"line":52,"column":4},"end":{"line":56,"column":5}}],"line":52},"3":{"loc":{"start":{"line":58,"column":2},"end":{"line":60,"column":3}},"type":"if","locations":[{"start":{"line":58,"column":2},"end":{"line":60,"column":3}},{"start":{"line":58,"column":2},"end":{"line":60,"column":3}}],"line":58}},"s":{"0":2,"1":2,"2":2,"3":2,"4":2,"5":2,"6":2,"7":2,"8":2,"9":2,"10":6,"11":6,"12":6,"13":6,"14":2,"15":3,"16":3,"17":3,"18":10,"19":3,"20":1,"21":2,"22":2,"23":2,"24":2,"25":2,"26":2,"27":2,"28":9,"29":2,"30":1,"31":1,"32":1,"33":1,"34":2,"35":3,"36":3,"37":3,"38":2,"39":2,"40":2,"41":3,"42":1,"43":2,"44":2},"f":{"0":2,"1":6,"2":3,"3":10,"4":2,"5":9,"6":3,"7":3},"b":{"0":[1,2],"1":[1,1],"2":[2,1],"3":[1,2]},"_coverageSchema":"1a1c01bbd47fc00a2c39e90264f33305004495a9","hash":"e2cb78aafe31fa0de1732dd57ad3ed20873a85be"}
}
