TN:
SF:src/app.js
FN:13,(anonymous_0)
FN:17,(anonymous_1)
FN:24,(anonymous_2)
FN:27,(anonymous_3)
FN:37,(anonymous_4)
FN:39,(anonymous_5)
FN:48,(anonymous_6)
FN:51,(anonymous_7)
FNF:8
FNH:8
FNDA:2,(anonymous_0)
FNDA:6,(anonymous_1)
FNDA:3,(anonymous_2)
FNDA:10,(anonymous_3)
FNDA:2,(anonymous_4)
FNDA:9,(anonymous_5)
FNDA:3,(anonymous_6)
FNDA:3,(anonymous_7)
DA:1,2
DA:2,2
DA:4,2
DA:6,2
DA:8,2
DA:9,2
DA:11,2
DA:13,2
DA:14,2
DA:17,2
DA:18,6
DA:19,6
DA:20,6
DA:21,6
DA:24,2
DA:25,3
DA:26,3
DA:27,10
DA:28,3
DA:29,1
DA:31,2
DA:32,2
DA:33,2
DA:34,2
DA:37,2
DA:38,2
DA:39,9
DA:40,2
DA:41,1
DA:43,1
DA:44,1
DA:45,1
DA:48,2
DA:49,3
DA:51,3
DA:52,3
DA:53,2
DA:54,2
DA:55,2
DA:58,3
DA:59,1
DA:61,2
DA:64,2
LF:43
LH:43
BRDA:28,0,0,1
BRDA:28,0,1,2
BRDA:40,1,0,1
BRDA:40,1,1,1
BRDA:52,2,0,2
BRDA:52,2,1,1
BRDA:58,3,0,1
BRDA:58,3,1,2
BRF:8
BRH:8
end_of_record
